Active-HDL 15.0.261.9132 2025-11-04 01:56:46

Elaboration top modules:
Architecture                  Driver(Test_Controller)


--------------------------------------------------------------------------------------------------
Entity          | Architecture | Library | Info | Compiler Version          | Compilation Options
--------------------------------------------------------------------------------------------------
Test_Controller | Driver       | TP7     |      | 15.0.261.9132 (Windows64) | -O3
Controller      | FSM          | TP7     |      | 15.0.261.9132 (Windows64) | -O3
--------------------------------------------------------------------------------------------------

--------------------------------------------------------------------------------------------------
VHDL Package                   | Library | Info | Compiler Version          | Compilation Options
--------------------------------------------------------------------------------------------------
standard                       | std     |      |                           | <unavailable>
--------------------------------------------------------------------------------------------------

--------------------------------------------------------------------------------------------------
Library                        | Comment
--------------------------------------------------------------------------------------------------
std                            | Standard VHDL library
TP7                            | None
--------------------------------------------------------------------------------------------------


Simulation Options: asim -O5 +access +r +m+test_controller test_controller driver


The performance of simulation is reduced. Version Student Edition
