# Design: Design TP4 already active.
# DESIGN: Default Design Language: VHDL
# DESIGN: Default BDE Language: VHDL
# DESIGN: Flow Manager: Not Defined
acom -reorder -O3 -e 100 -work TP4 -2002  $dsn/src/fulladder.vhd
# Compile Entity "fulladder"
# Compile Architecture "ecuacion" of Entity "fulladder"
# Top-level unit(s) detected:
# Entity => fulladder
# Compile success 0 Errors 0 Warnings  Analysis time :  0.1 [s]
# ELBREAD: Elaboration process.
# ELBREAD: Elaboration time 0.0 [s].
acom -O3 -e 100 -work TP4 -2002  $dsn/src/test_sumador.vhd
# Compile Entity "test_sumador"
# Compile Architecture "driver" of Entity "test_sumador"
# Compile success 0 Errors 0 Warnings  Analysis time :  63.0 [ms]
acom -O3 -e 100 -work TP4 -2002  $dsn/src/fulladder.vhd $dsn/src/test_sumador.vhd
# Compile Entity "fulladder"
# Compile Architecture "ecuacion" of Entity "fulladder"
# Compile Entity "test_sumador"
# Compile Architecture "driver" of Entity "test_sumador"
# Compile success 0 Errors 0 Warnings  Analysis time :  31.0 [ms]
# ELBREAD: Elaboration process.
# ELBREAD: Elaboration time 0.0 [s].
# ELBREAD: Elaboration process.
# ELBREAD: Elaboration time 0.0 [s].
asim -O5 +access +r +m+test_sumador test_sumador driver
# ELBREAD: Elaboration process.
# ELBREAD: Elaboration time 0.0 [s].
# VSIM: Stack memory: 32MB
# VSIM: Retval memory: 32MB
# 
# KERNEL: Main thread initiated.
# KERNEL: Kernel process initialization phase.
# ELAB2: Elaboration final pass...
# ELAB2: Create instances ...
# KERNEL: Time resolution set to 1ps.
# ELAB2: Create instances complete.
# SLP: Started
# SLP: Elaboration phase ...
# SLP: Elaboration phase ... skipped, nothing to simulate in SLP mode : 0.0 [s]
# SLP: Finished : 0.0 [s]
# ELAB2: Elaboration final pass complete - time: 0.2 [s].
# KERNEL: Warning: You are using the Active-HDL Student Edition. The performance of simulation is running at a reduced rate.
# KERNEL: Warning: Contact Aldec for available upgrade options - sales@aldec.com.
# KERNEL: Kernel process initialization done.
# Allocation: Simulator allocated 6391 kB (elbread=427 elab2=5829 kernel=134 sdf=0)
# KERNEL: ASDB file was created in location d:\My_Designs\TP4\TP4\src\wave.asdb
#  16:58, domingo, 2 de noviembre de 2025
#  Simulation has been initialized
# add wave -noreg {/test_sumador/X}
# add wave -noreg {/test_sumador/Y}
# add wave -noreg {/test_sumador/Cin}
# add wave -noreg {/test_sumador/Cout}
# add wave -noreg {/test_sumador/Sum}
# VSIM: 5 object(s) traced.
# Waveform file 'untitled.awc' connected to 'd:/My_Designs/TP4/TP4/src/wave.asdb'.
run 100 ns
# KERNEL: stopped at time: 100 ns
# KERNEL: Simulation has finished. There are no more test vectors to simulate.
endsim
# VSIM: Simulation has finished.
acom -O3 -e 100 -work TP4 -2002  $dsn/src/fulladder.vhd $dsn/src/test_sumador.vhd
# Compile Entity "fulladder"
# Compile Architecture "ecuacion" of Entity "fulladder"
# Compile Entity "test_sumador"
# Compile Architecture "driver" of Entity "test_sumador"
# Compile success 0 Errors 0 Warnings  Analysis time :  47.0 [ms]
# ELBREAD: Elaboration process.
# ELBREAD: Elaboration time 0.0 [s].
# ELBREAD: Elaboration process.
# ELBREAD: Elaboration time 0.0 [s].
asim -O5 +access +r +m+test_sumador test_sumador driver
# ELBREAD: Elaboration process.
# ELBREAD: Elaboration time 0.0 [s].
# VSIM: Stack memory: 32MB
# VSIM: Retval memory: 32MB
# 
# KERNEL: Main thread initiated.
# KERNEL: Kernel process initialization phase.
# ELAB2: Elaboration final pass...
# ELAB2: Create instances ...
# KERNEL: Time resolution set to 1ps.
# ELAB2: Create instances complete.
# SLP: Started
# SLP: Elaboration phase ...
# SLP: Elaboration phase ... skipped, nothing to simulate in SLP mode : 0.0 [s]
# SLP: Finished : 0.0 [s]
# ELAB2: Elaboration final pass complete - time: 0.0 [s].
# KERNEL: Warning: You are using the Active-HDL Student Edition. The performance of simulation is running at a reduced rate.
# KERNEL: Warning: Contact Aldec for available upgrade options - sales@aldec.com.
# KERNEL: Kernel process initialization done.
# Allocation: Simulator allocated 6391 kB (elbread=427 elab2=5829 kernel=134 sdf=0)
# KERNEL: ASDB file was created in location d:\My_Designs\TP4\TP4\src\wave.asdb
#  17:05, domingo, 2 de noviembre de 2025
#  Simulation has been initialized
# add wave -noreg {/test_sumador/X}
# add wave -noreg {/test_sumador/Y}
# add wave -noreg {/test_sumador/Cin}
# add wave -noreg {/test_sumador/Cout}
# add wave -noreg {/test_sumador/Sum}
# VSIM: 5 object(s) traced.
# Waveform file 'untitled.awc' connected to 'd:/My_Designs/TP4/TP4/src/wave.asdb'.
run 100 ns
# EXECUTION:: ERROR  : Assertion violation.
# EXECUTION:: Time: 2 ns,  Iteration: 0,  Instance: /test_sumador,  Process: estimulo.
# KERNEL: stopped at time: 100 ns
# KERNEL: Simulation has finished. There are no more test vectors to simulate.
endsim
# VSIM: Simulation has finished.
