Active-HDL 15.0.261.9132 2025-11-04 01:25:16

Elaboration top modules:
Architecture                  Driver_B(Test_ShiftN_B)


------------------------------------------------------------------------------------------------
Entity        | Architecture | Library | Info | Compiler Version          | Compilation Options
------------------------------------------------------------------------------------------------
Test_ShiftN_B | Driver_B     | TP6     |      | 15.0.261.9132 (Windows64) | -O3
ShiftN        | Behavior     | TP6     |      | 15.0.261.9132 (Windows64) | -O3
------------------------------------------------------------------------------------------------

------------------------------------------------------------------------------------------------
VHDL Package                 | Library | Info | Compiler Version          | Compilation Options
------------------------------------------------------------------------------------------------
standard                     | std     |      |                           | <unavailable>
------------------------------------------------------------------------------------------------

------------------------------------------------------------------------------------------------
Library                      | Comment
------------------------------------------------------------------------------------------------
std                          | Standard VHDL library
TP6                          | None
------------------------------------------------------------------------------------------------


Simulation Options: asim -O5 +access +r +m+test_shiftn_b test_shiftn_b driver_b


The performance of simulation is reduced. Version Student Edition
