Active-HDL 15.0.261.9132 2025-11-04 02:37:37

Elaboration top modules:
Architecture                  Driver(Test_Utils)


---------------------------------------------------------------------------------------------
Entity     | Architecture | Library | Info | Compiler Version          | Compilation Options
---------------------------------------------------------------------------------------------
Test_Utils | Driver       | TP8     |      | 15.0.261.9132 (Windows64) | -O3
---------------------------------------------------------------------------------------------

---------------------------------------------------------------------------------------------
VHDL Package              | Library | Info | Compiler Version          | Compilation Options
---------------------------------------------------------------------------------------------
standard                  | std     |      |                           | <unavailable>
Utils                     | TP8     |      | 15.0.261.9132 (Windows64) | -O3
---------------------------------------------------------------------------------------------

---------------------------------------------------------------------------------------------
Library                   | Comment
---------------------------------------------------------------------------------------------
std                       | Standard VHDL library
TP8                       | None
---------------------------------------------------------------------------------------------


Simulation Options: asim -O5 +access +r +m+test_utils test_utils driver


The performance of simulation is reduced. Version Student Edition
