# Design: Design TP5 already active.
# DESIGN: Default Design Language: VHDL
# DESIGN: Default BDE Language: VHDL
# DESIGN: Flow Manager: Not Defined
acom -reorder -O3 -e 100 -work TP5 -2002  $dsn/src/fulladder.vhd
# Compile Entity "fulladder"
# Compile Architecture "ecuacion" of Entity "fulladder"
# Top-level unit(s) detected:
# Entity => fulladder
# Compile success 0 Errors 0 Warnings  Analysis time :  47.0 [ms]
# ELBREAD: Elaboration process.
# ELBREAD: Elaboration time 0.0 [s].
acom -O3 -e 100 -work TP5 -2002  $dsn/src/Adder8.vhd
# Compile Entity "Adder8"
# Compile Architecture "Estructura" of Entity "Adder8"
# Compile success 0 Errors 0 Warnings  Analysis time :  78.0 [ms]
acom -O3 -e 100 -work TP5 -2002  $dsn/src/Test_Adder8.vhd
# Compile Entity "Test_Adder8"
# Compile Architecture "Driver" of Entity "Test_Adder8"
# Compile success 0 Errors 0 Warnings  Analysis time :  62.0 [ms]
acom -O3 -e 100 -work TP5 -2002  $dsn/src/fulladder.vhd $dsn/src/Adder8.vhd $dsn/src/Test_Adder8.vhd
# Compile Entity "fulladder"
# Compile Architecture "ecuacion" of Entity "fulladder"
# Compile Entity "Adder8"
# Compile Architecture "Estructura" of Entity "Adder8"
# Compile Entity "Test_Adder8"
# Compile Architecture "Driver" of Entity "Test_Adder8"
# Compile success 0 Errors 0 Warnings  Analysis time :  47.0 [ms]
# ELBREAD: Elaboration process.
# ELBREAD: Elaboration time 0.0 [s].
# ELBREAD: Elaboration process.
# ELBREAD: Elaboration time 0.0 [s].
asim -O5 +access +r +m+test_adder8 test_adder8 driver
# ELBREAD: Elaboration process.
# ELBREAD: Elaboration time 0.0 [s].
# VSIM: Stack memory: 32MB
# VSIM: Retval memory: 32MB
# 
# KERNEL: Main thread initiated.
# KERNEL: Kernel process initialization phase.
# ELAB2: Elaboration final pass...
# ELAB2: Create instances ...
# KERNEL: Time resolution set to 1ps.
# ELAB2: Create instances complete.
# SLP: Started
# SLP: Elaboration phase ...
# SLP: Elaboration phase ... skipped, nothing to simulate in SLP mode : 0.0 [s]
# SLP: Finished : 0.0 [s]
# ELAB2: Elaboration final pass complete - time: 0.1 [s].
# KERNEL: Warning: You are using the Active-HDL Student Edition. The performance of simulation is running at a reduced rate.
# KERNEL: Warning: Contact Aldec for available upgrade options - sales@aldec.com.
# KERNEL: Kernel process initialization done.
# Allocation: Simulator allocated 6395 kB (elbread=427 elab2=5833 kernel=134 sdf=0)
# KERNEL: ASDB file was created in location d:\My_Designs\TP5\TP5\src\wave.asdb
#  19:12, domingo, 2 de noviembre de 2025
#  Simulation has been initialized
# add wave -noreg {/Test_Adder8/A}
# add wave -noreg {/Test_Adder8/B}
# add wave -noreg {/Test_Adder8/Sum}
# add wave -noreg {/Test_Adder8/Cin}
# add wave -noreg {/Test_Adder8/Cout}
# VSIM: 5 object(s) traced.
# Waveform file 'untitled.awc' connected to 'd:/My_Designs/TP5/TP5/src/wave.asdb'.
run 100 ns
# KERNEL: stopped at time: 100 ns
# KERNEL: Simulation has finished. There are no more test vectors to simulate.
restart
# ELBREAD: Elaboration process.
# ELBREAD: Elaboration time 0.0 [s].
# 
# KERNEL: Main thread initiated.
# KERNEL: Kernel process initialization phase.
# ELAB2: Elaboration final pass...
# ELAB2: Create instances ...
# KERNEL: Time resolution set to 1ps.
# ELAB2: Create instances complete.
# SLP: Started
# SLP: Elaboration phase ...
# SLP: Elaboration phase ... skipped, nothing to simulate in SLP mode : 0.0 [s]
# SLP: Finished : 0.0 [s]
# ELAB2: Elaboration final pass complete - time: 0.0 [s].
# KERNEL: Warning: You are using the Active-HDL Student Edition. The performance of simulation is running at a reduced rate.
# KERNEL: Warning: Contact Aldec for available upgrade options - sales@aldec.com.
# KERNEL: Kernel process initialization done.
# Allocation: Simulator allocated 6395 kB (elbread=427 elab2=5833 kernel=134 sdf=0)
# KERNEL: ASDB file was created in location d:\My_Designs\TP5\TP5\src\wave.asdb
#  19:15, domingo, 2 de noviembre de 2025
#  Simulation has been initialized
# Waveform file 'untitled.awc' connected to 'd:/My_Designs/TP5/TP5/src/wave.asdb'.
run 50 ns
# KERNEL: stopped at time: 50 ns
# KERNEL: Simulation has finished. There are no more test vectors to simulate.
endsim
# VSIM: Simulation has finished.
# Design: Warning: The workspace file has read-only attributes. You will not be able to save  changes to this workspace.
