Active-HDL 15.0.261.9132 2025-10-21 21:45:54

Elaboration top modules:
Architecture                  Driver(Test_DFFB)


--------------------------------------------------------------------------------------------
Entity    | Architecture | Library | Info | Compiler Version          | Compilation Options
--------------------------------------------------------------------------------------------
Test_DFFB | Driver       | tp2     |      | 15.0.261.9132 (Windows64) | -O3
DFF       | flujodedatos | tp2     |      | 15.0.261.9132 (Windows64) | -O3
--------------------------------------------------------------------------------------------

--------------------------------------------------------------------------------------------
VHDL Package             | Library | Info | Compiler Version          | Compilation Options
--------------------------------------------------------------------------------------------
standard                 | std     |      |                           | <unavailable>
--------------------------------------------------------------------------------------------

--------------------------------------------------------------------------------------------
Library                  | Comment
--------------------------------------------------------------------------------------------
std                      | Standard VHDL library
tp2                      | None
--------------------------------------------------------------------------------------------
