Active-HDL 15.0.261.9132 2025-11-02 17:05:52

Elaboration top modules:
Architecture                  driver(test_sumador)


-----------------------------------------------------------------------------------------------
Entity       | Architecture | Library | Info | Compiler Version          | Compilation Options
-----------------------------------------------------------------------------------------------
test_sumador | driver       | TP4     |      | 15.0.261.9132 (Windows64) | -O3
fulladder    | ecuacion     | TP4     |      | 15.0.261.9132 (Windows64) | -O3
-----------------------------------------------------------------------------------------------

-----------------------------------------------------------------------------------------------
VHDL Package                | Library | Info | Compiler Version          | Compilation Options
-----------------------------------------------------------------------------------------------
standard                    | std     |      |                           | <unavailable>
-----------------------------------------------------------------------------------------------

-----------------------------------------------------------------------------------------------
Library                     | Comment
-----------------------------------------------------------------------------------------------
std                         | Standard VHDL library
TP4                         | None
-----------------------------------------------------------------------------------------------


Simulation Options: asim -O5 +access +r +m+test_sumador test_sumador driver


The performance of simulation is reduced. Version Student Edition
