Active-HDL 15.0.261.9132 2025-10-21 22:05:49

Elaboration top modules:
Architecture                  Driver(Test_Latch8)


----------------------------------------------------------------------------------------------
Entity      | Architecture | Library | Info | Compiler Version          | Compilation Options
----------------------------------------------------------------------------------------------
Test_Latch8 | Driver       | tp3     |      | 15.0.261.9132 (Windows64) | -O3
Latch8      | Estructura   | tp3     |      | 15.0.261.9132 (Windows64) | -O3
DFF         | flujodedatos | tp3     |      | 15.0.261.9132 (Windows64) | -O3
----------------------------------------------------------------------------------------------

----------------------------------------------------------------------------------------------
VHDL Package               | Library | Info | Compiler Version          | Compilation Options
----------------------------------------------------------------------------------------------
standard                   | std     |      |                           | <unavailable>
----------------------------------------------------------------------------------------------

----------------------------------------------------------------------------------------------
Library                    | Comment
----------------------------------------------------------------------------------------------
std                        | Standard VHDL library
tp3                        | None
----------------------------------------------------------------------------------------------
