Active-HDL 15.0.261.9132 2025-11-02 19:15:48

Elaboration top modules:
Architecture                  Driver(Test_Adder8)


----------------------------------------------------------------------------------------------
Entity      | Architecture | Library | Info | Compiler Version          | Compilation Options
----------------------------------------------------------------------------------------------
Test_Adder8 | Driver       | TP5     |      | 15.0.261.9132 (Windows64) | -O3
Adder8      | Estructura   | TP5     |      | 15.0.261.9132 (Windows64) | -O3
fulladder   | ecuacion     | TP5     |      | 15.0.261.9132 (Windows64) | -O3
----------------------------------------------------------------------------------------------

----------------------------------------------------------------------------------------------
VHDL Package               | Library | Info | Compiler Version          | Compilation Options
----------------------------------------------------------------------------------------------
standard                   | std     |      |                           | <unavailable>
----------------------------------------------------------------------------------------------

----------------------------------------------------------------------------------------------
Library                    | Comment
----------------------------------------------------------------------------------------------
std                        | Standard VHDL library
TP5                        | None
----------------------------------------------------------------------------------------------
